Arguments: 
  D:\Program Files\nodejs\node.exe C:\Users\lixuan\AppData\Roaming\npm\node_modules\yarn\bin\yarn.js

PATH: 
  D:\Program Files\cmder\bin;D:\Program Files\cmder\vendor\conemu-maximus5\ConEmu\Scripts;D:\Program Files\cmder\vendor\conemu-maximus5;D:\Program Files\cmder\vendor\conemu-maximus5\ConEmu;C:\Windows\system32;C:\Windows;C:\Windows\System32\Wbem;C:\Windows\System32\WindowsPowerShell\v1.0\;D:\Program Files\nodejs\;D:\Program Files\Git\cmd;D:\Program Files\cmder;C:\Users\lixuan\AppData\Roaming\npm;D:\Program Files (x86)\Microsoft VS Code\bin;D:\Program Files\Git\usr\bin;D:\Program Files\Git\usr\share\vim\vim74;D:\Program Files\cmder\

Yarn version: 
  0.20.3

Node version: 
  6.9.4

Platform: 
  win32 x64

npm manifest: 
  {
    "name": "vue-pro",
    "version": "1.0.0",
    "description": "A Vue.js project",
    "author": "'lixuan' <'kermitlx@outlook.com'>",
    "private": true,
    "scripts": {
      "dev": "node build/dev-server.js",
      "build": "node build/build.js",
      "e2e": "node test/e2e/runner.js",
      "test": "npm run e2e"
    },
    "dependencies": {
      "vue": "^2.1.10",
      "vue-router": "^2.2.0"
    },
    "devDependencies": {
      "autoprefixer": "^6.7.2",
      "babel-core": "^6.22.1",
      "babel-loader": "^6.2.10",
      "babel-plugin-transform-runtime": "^6.22.0",
      "babel-preset-es2015": "^6.22.0",
      "babel-preset-stage-2": "^6.22.0",
      "babel-register": "^6.22.0",
      "chalk": "^1.1.3",
      "connect-history-api-fallback": "^1.3.0",
      "css-loader": "^0.26.1",
      "eventsource-polyfill": "^0.9.6",
      "express": "^4.14.1",
      "extract-text-webpack-plugin": "^2.0.0-rc.2",
      "file-loader": "^0.10.0",
      "friendly-errors-webpack-plugin": "^1.1.3",
      "function-bind": "^1.1.0",
      "html-webpack-plugin": "^2.28.0",
      "http-proxy-middleware": "^0.17.3",
      "webpack-bundle-analyzer": "^2.2.1",
      "chromedriver": "^2.27.2",
      "cross-spawn": "^5.0.1",
      "nightwatch": "^0.9.12",
      "selenium-server": "^3.0.1",
      "semver": "^5.3.0",
      "opn": "^4.0.2",
      "ora": "^1.1.0",
      "shelljs": "^0.7.6",
      "url-loader": "^0.5.7",
      "vue-loader": "^10.3.0",
      "vue-style-loader": "^2.0.0",
      "vue-template-compiler": "^2.1.10",
      "webpack": "^2.2.1",
      "webpack-dev-middleware": "^1.10.0",
      "webpack-hot-middleware": "^2.16.1",
      "webpack-merge": "^2.6.1"
    },
    "engines": {
      "node": ">= 4.0.0",
      "npm": ">= 3.0.0"
    }
  }

yarn manifest: 
  No manifest

Lockfile: 
  No lockfile

Trace: 
  Error: connect ETIMEDOUT 104.16.63.173:443
      at Object.exports._errnoException (util.js:1022:11)
      at exports._exceptionWithHostPort (util.js:1045:20)
      at TCPConnectWrap.afterConnect [as oncomplete] (net.js:1087:14)
